<?xml version="1.0" encoding="UTF-8"?>
<testng-results ignored="0" total="1" passed="1" failed="0" skipped="0">
  <reporter-output>
  </reporter-output>
  <suite started-at="2025-09-29T15:30:26 IST" name="Default suite" finished-at="2025-09-29T15:30:37 IST" duration-ms="10737">
    <groups>
    </groups>
    <test started-at="2025-09-29T15:30:26 IST" name="Default test" finished-at="2025-09-29T15:30:37 IST" duration-ms="10737">
      <class name="PAGES.Trainings_Add_Trainer">
        <test-method is-config="true" signature="UserLogin()[pri:0, instance:PAGES.Trainings_Add_Trainer@515c6049]" started-at="2025-09-29T15:30:26 IST" name="UserLogin" finished-at="2025-09-29T15:30:32 IST" duration-ms="5617" status="PASS">
          <reporter-output>
          </reporter-output>
        </test-method> <!-- UserLogin -->
        <test-method signature="add_trainer()[pri:0, instance:PAGES.Trainings_Add_Trainer@515c6049]" started-at="2025-09-29T15:30:32 IST" name="add_trainer" finished-at="2025-09-29T15:30:37 IST" duration-ms="5058" status="PASS">
          <reporter-output>
          </reporter-output>
        </test-method> <!-- add_trainer -->
      </class> <!-- PAGES.Trainings_Add_Trainer -->
    </test> <!-- Default test -->
  </suite> <!-- Default suite -->
</testng-results>
